<?xml version="1.0" encoding="UTF-8"?>
<!-- Generated by org.testng.reporters.JUnitReportReporter -->
<testsuite hostname="LAPTOP-NEGDCA0S" failures="0" tests="2" name="switchToModule.SwitchToFramesTest" time="6.328" errors="0" timestamp="2025-09-29T17:31:33 IST" skipped="0">
  <testcase classname="switchToModule.SwitchToFramesTest" name="switchToFramesModuleTest" time="4.028"/>
  <system-out/>
  <testcase classname="switchToModule.SwitchToFramesTest" name="switchToFramesModuleTest" time="2.300"/>
  <system-out/>
</testsuite> <!-- switchToModule.SwitchToFramesTest -->
