<?xml version="1.0" encoding="UTF-8"?>
<!-- Generated by org.testng.reporters.JUnitReportReporter -->
<testsuite hostname="LAPTOP-NEGDCA0S" failures="0" tests="2" name="switchToModule.WidgetsModuleTest" time="12.880" errors="0" timestamp="2025-09-29T17:31:33 IST" skipped="0">
  <testcase classname="switchToModule.WidgetsModuleTest" name="DatePickerTest" time="5.739"/>
  <system-out/>
  <testcase classname="switchToModule.WidgetsModuleTest" name="DatePickerTest" time="7.141"/>
  <system-out/>
</testsuite> <!-- switchToModule.WidgetsModuleTest -->
