<?xml version="1.0" encoding="UTF-8"?>
<!-- Generated by org.testng.reporters.JUnitReportReporter -->
<testsuite hostname="LAPTOP-NEGDCA0S" failures="0" tests="2" name="switchToModule.SwitchToWindowsTest" time="15.347" errors="0" timestamp="2025-09-29T17:31:33 IST" skipped="0">
  <testcase classname="switchToModule.SwitchToWindowsTest" name="SitchToWindownsModuleTest" time="6.647"/>
  <system-out/>
  <testcase classname="switchToModule.SwitchToWindowsTest" name="SitchToWindownsModuleTest" time="8.700"/>
  <system-out/>
</testsuite> <!-- switchToModule.SwitchToWindowsTest -->
